<?xml version="1.0" encoding="UTF-8"?>
<testng-results skipped="0" failed="0" ignored="0" total="1" passed="1">
  <reporter-output>
  </reporter-output>
  <suite name="Surefire suite" duration-ms="8884" started-at="2019-04-12T18:16:57Z" finished-at="2019-04-12T18:17:06Z">
    <groups>
    </groups>
    <test name="Surefire test" duration-ms="8884" started-at="2019-04-12T18:16:57Z" finished-at="2019-04-12T18:17:06Z">
      <class name="com.qa.gmail.testpages.HomepageTest">
        <test-method status="PASS" signature="setUP()[pri:0, instance:com.qa.gmail.testpages.HomepageTest@158d2680]" name="setUP" is-config="true" duration-ms="5478" started-at="2019-04-12T18:16:57Z" finished-at="2019-04-12T18:17:03Z">
          <reporter-output>
          </reporter-output>
        </test-method> <!-- setUP -->
        <test-method status="PASS" signature="testSearch()[pri:0, instance:com.qa.gmail.testpages.HomepageTest@158d2680]" name="testSearch" duration-ms="2722" started-at="2019-04-12T18:17:03Z" finished-at="2019-04-12T18:17:05Z">
          <reporter-output>
          </reporter-output>
        </test-method> <!-- testSearch -->
        <test-method status="PASS" signature="tearDown()[pri:0, instance:com.qa.gmail.testpages.HomepageTest@158d2680]" name="tearDown" is-config="true" duration-ms="677" started-at="2019-04-12T18:17:05Z" finished-at="2019-04-12T18:17:06Z">
          <reporter-output>
          </reporter-output>
        </test-method> <!-- tearDown -->
      </class> <!-- com.qa.gmail.testpages.HomepageTest -->
    </test> <!-- Surefire test -->
  </suite> <!-- Surefire suite -->
</testng-results>
