<?xml version="1.0" encoding="UTF-8"?>
<testng-results skipped="0" failed="0" ignored="0" total="1" passed="1">
  <reporter-output>
  </reporter-output>
  <suite name="Surefire suite" duration-ms="7681" started-at="2019-04-12T19:43:10Z" finished-at="2019-04-12T19:43:18Z">
    <groups>
    </groups>
    <test name="Surefire test" duration-ms="7681" started-at="2019-04-12T19:43:10Z" finished-at="2019-04-12T19:43:18Z">
      <class name="com.qa.gmail.testpages.HomepageTest">
        <test-method status="PASS" signature="setUP()[pri:0, instance:com.qa.gmail.testpages.HomepageTest@158d2680]" name="setUP" is-config="true" duration-ms="5100" started-at="2019-04-12T19:43:10Z" finished-at="2019-04-12T19:43:15Z">
          <reporter-output>
          </reporter-output>
        </test-method> <!-- setUP -->
        <test-method status="PASS" signature="testSearch()[pri:0, instance:com.qa.gmail.testpages.HomepageTest@158d2680]" name="testSearch" duration-ms="1881" started-at="2019-04-12T19:43:15Z" finished-at="2019-04-12T19:43:17Z">
          <reporter-output>
          </reporter-output>
        </test-method> <!-- testSearch -->
        <test-method status="PASS" signature="tearDown()[pri:0, instance:com.qa.gmail.testpages.HomepageTest@158d2680]" name="tearDown" is-config="true" duration-ms="684" started-at="2019-04-12T19:43:17Z" finished-at="2019-04-12T19:43:18Z">
          <reporter-output>
          </reporter-output>
        </test-method> <!-- tearDown -->
      </class> <!-- com.qa.gmail.testpages.HomepageTest -->
    </test> <!-- Surefire test -->
  </suite> <!-- Surefire suite -->
</testng-results>
