<?xml version="1.0" encoding="UTF-8"?>
<testng-results skipped="0" failed="0" ignored="0" total="1" passed="1">
  <reporter-output>
  </reporter-output>
  <suite name="Gmail API Automation Script " duration-ms="8027" started-at="2019-04-12T16:14:36Z" finished-at="2019-04-12T16:14:44Z">
    <groups>
    </groups>
    <test name="Gmail launching Test" duration-ms="8027" started-at="2019-04-12T16:14:36Z" finished-at="2019-04-12T16:14:44Z">
      <class name="com.qa.gmail.testpages.HomepageTest">
        <test-method status="PASS" signature="setUP()[pri:0, instance:com.qa.gmail.testpages.HomepageTest@10683d9d]" name="setUP" is-config="true" duration-ms="5167" started-at="2019-04-12T16:14:36Z" finished-at="2019-04-12T16:14:41Z">
          <reporter-output>
          </reporter-output>
        </test-method> <!-- setUP -->
        <test-method status="PASS" signature="testSearch()[pri:0, instance:com.qa.gmail.testpages.HomepageTest@10683d9d]" name="testSearch" duration-ms="2204" started-at="2019-04-12T16:14:41Z" finished-at="2019-04-12T16:14:44Z">
          <reporter-output>
          </reporter-output>
        </test-method> <!-- testSearch -->
        <test-method status="PASS" signature="tearDown()[pri:0, instance:com.qa.gmail.testpages.HomepageTest@10683d9d]" name="tearDown" is-config="true" duration-ms="636" started-at="2019-04-12T16:14:44Z" finished-at="2019-04-12T16:14:44Z">
          <reporter-output>
          </reporter-output>
        </test-method> <!-- tearDown -->
      </class> <!-- com.qa.gmail.testpages.HomepageTest -->
    </test> <!-- Gmail launching Test -->
  </suite> <!-- Gmail API Automation Script  -->
</testng-results>
